2017-05-29 20:58:50,742 [Downloading C:\Users\Mr. Nakaan\.bnd\shacache\shas\6373CFB25C743448FD1DD9139A2D085B33CAE737\osgi.annotation-6.0.1.201503162037.jar] INFO  aQute.bnd.http.HttpClient - Proxy handlers []
2017-05-29 20:58:50,745 [Downloading C:\Users\Mr. Nakaan\.bnd\shacache\shas\0C49ACDC9AC62CF69EE49CB6F1905B4FDB79EA5C\osgi.core-6.0.0.201403061837.jar] INFO  aQute.bnd.http.HttpClient - Proxy handlers []
2017-05-29 20:58:50,746 [Downloading C:\Users\Mr. Nakaan\.bnd\shacache\shas\6373CFB25C743448FD1DD9139A2D085B33CAE737\osgi.annotation-6.0.1.201503162037.jar] INFO  aQute.bnd.http.HttpClient - URL Connection handlers []
2017-05-29 20:58:50,746 [Downloading C:\Users\Mr. Nakaan\.bnd\shacache\shas\0C49ACDC9AC62CF69EE49CB6F1905B4FDB79EA5C\osgi.core-6.0.0.201403061837.jar] INFO  aQute.bnd.http.HttpClient - URL Connection handlers []
2017-05-29 20:58:50,747 [Downloading C:\Users\Mr. Nakaan\.bnd\shacache\shas\6373CFB25C743448FD1DD9139A2D085B33CAE737\osgi.annotation-6.0.1.201503162037.jar] INFO  a.bnd.build.LoggingProgressPlugin - Download http://search.maven.org/remotecontent?filepath=org/osgi/osgi.annotation/6.0.1/osgi.annotation-6.0.1.jar
2017-05-29 20:58:50,747 [Downloading C:\Users\Mr. Nakaan\.bnd\shacache\shas\0C49ACDC9AC62CF69EE49CB6F1905B4FDB79EA5C\osgi.core-6.0.0.201403061837.jar] INFO  a.bnd.build.LoggingProgressPlugin - Download http://search.maven.org/remotecontent?filepath=org/osgi/osgi.core/6.0.0/osgi.core-6.0.0.jar
2017-05-29 20:58:50,755 [Downloading C:\Users\Mr. Nakaan\.bnd\shacache\shas\6373CFB25C743448FD1DD9139A2D085B33CAE737\osgi.annotation-6.0.1.201503162037.jar] INFO  aQute.bnd.http.HttpClient - GET http://search.maven.org/remotecontent?filepath=org/osgi/osgi.annotation/6.0.1/osgi.annotation-6.0.1.jar
2017-05-29 20:58:50,761 [Downloading C:\Users\Mr. Nakaan\.bnd\shacache\shas\0C49ACDC9AC62CF69EE49CB6F1905B4FDB79EA5C\osgi.core-6.0.0.201403061837.jar] INFO  aQute.bnd.http.HttpClient - GET http://search.maven.org/remotecontent?filepath=org/osgi/osgi.core/6.0.0/osgi.core-6.0.0.jar
2017-05-29 20:58:50,764 [Downloading C:\Users\Mr. Nakaan\.bnd\shacache\shas\A3A5269424E5EA6488D30DEDCE8FABCA11EFBC3D\osgi.cmpn-6.0.0.201505202027.jar] INFO  aQute.bnd.http.HttpClient - Proxy handlers []
2017-05-29 20:58:50,764 [Downloading C:\Users\Mr. Nakaan\.bnd\shacache\shas\A3A5269424E5EA6488D30DEDCE8FABCA11EFBC3D\osgi.cmpn-6.0.0.201505202027.jar] INFO  aQute.bnd.http.HttpClient - URL Connection handlers []
2017-05-29 20:58:50,764 [Downloading C:\Users\Mr. Nakaan\.bnd\shacache\shas\A3A5269424E5EA6488D30DEDCE8FABCA11EFBC3D\osgi.cmpn-6.0.0.201505202027.jar] INFO  a.bnd.build.LoggingProgressPlugin - Download http://search.maven.org/remotecontent?filepath=org/osgi/osgi.cmpn/6.0.0/osgi.cmpn-6.0.0.jar
2017-05-29 20:58:50,771 [Downloading C:\Users\Mr. Nakaan\.bnd\shacache\shas\A3A5269424E5EA6488D30DEDCE8FABCA11EFBC3D\osgi.cmpn-6.0.0.201505202027.jar] INFO  aQute.bnd.http.HttpClient - GET http://search.maven.org/remotecontent?filepath=org/osgi/osgi.cmpn/6.0.0/osgi.cmpn-6.0.0.jar
2017-05-29 20:58:50,869 [Downloading C:\Users\Mr. Nakaan\.bnd\shacache\shas\BFF4106CB0BB14A5718C40A5D2B04B98DDC6E643\org.apache.servicemix.bundles.junit-4.12.0.1.jar] INFO  aQute.bnd.http.HttpClient - Proxy handlers []
2017-05-29 20:58:50,869 [Downloading C:\Users\Mr. Nakaan\.bnd\shacache\shas\BFF4106CB0BB14A5718C40A5D2B04B98DDC6E643\org.apache.servicemix.bundles.junit-4.12.0.1.jar] INFO  aQute.bnd.http.HttpClient - URL Connection handlers []
2017-05-29 20:58:50,869 [Downloading C:\Users\Mr. Nakaan\.bnd\shacache\shas\BFF4106CB0BB14A5718C40A5D2B04B98DDC6E643\org.apache.servicemix.bundles.junit-4.12.0.1.jar] INFO  a.bnd.build.LoggingProgressPlugin - Download http://search.maven.org/remotecontent?filepath=org/apache/servicemix/bundles/org.apache.servicemix.bundles.junit/4.12_1/org.apache.servicemix.bundles.junit-4.12_1.jar
2017-05-29 20:58:50,875 [Downloading C:\Users\Mr. Nakaan\.bnd\shacache\shas\BFF4106CB0BB14A5718C40A5D2B04B98DDC6E643\org.apache.servicemix.bundles.junit-4.12.0.1.jar] INFO  aQute.bnd.http.HttpClient - GET http://search.maven.org/remotecontent?filepath=org/apache/servicemix/bundles/org.apache.servicemix.bundles.junit/4.12_1/org.apache.servicemix.bundles.junit-4.12_1.jar
2017-05-29 20:58:50,970 [Downloading C:\Users\Mr. Nakaan\.bnd\shacache\shas\A3A5269424E5EA6488D30DEDCE8FABCA11EFBC3D\osgi.cmpn-6.0.0.201505202027.jar] INFO  aQute.bnd.http.HttpClient - Proxy handlers []
2017-05-29 20:58:50,974 [Downloading C:\Users\Mr. Nakaan\.bnd\shacache\shas\0C49ACDC9AC62CF69EE49CB6F1905B4FDB79EA5C\osgi.core-6.0.0.201403061837.jar] INFO  aQute.bnd.http.HttpClient - Proxy handlers []
2017-05-29 20:58:50,976 [Downloading C:\Users\Mr. Nakaan\.bnd\shacache\shas\6373CFB25C743448FD1DD9139A2D085B33CAE737\osgi.annotation-6.0.1.201503162037.jar] INFO  aQute.bnd.http.HttpClient - Proxy handlers []
2017-05-29 20:58:51,002 [Downloading C:\Users\Mr. Nakaan\.bnd\shacache\shas\BFF4106CB0BB14A5718C40A5D2B04B98DDC6E643\org.apache.servicemix.bundles.junit-4.12.0.1.jar] INFO  aQute.bnd.http.HttpClient - Proxy handlers []
2017-05-29 20:58:51,038 [Downloading C:\Users\Mr. Nakaan\.bnd\shacache\shas\6373CFB25C743448FD1DD9139A2D085B33CAE737\osgi.annotation-6.0.1.201503162037.jar] INFO  aQute.bnd.http.HttpClient - URL Connection handlers []
2017-05-29 20:58:51,038 [Downloading C:\Users\Mr. Nakaan\.bnd\shacache\shas\6373CFB25C743448FD1DD9139A2D085B33CAE737\osgi.annotation-6.0.1.201503162037.jar] INFO  a.bnd.build.LoggingProgressPlugin - Download https://repo1.maven.org/maven2/org/osgi/osgi.annotation/6.0.1/osgi.annotation-6.0.1.jar
2017-05-29 20:58:51,038 [Downloading C:\Users\Mr. Nakaan\.bnd\shacache\shas\A3A5269424E5EA6488D30DEDCE8FABCA11EFBC3D\osgi.cmpn-6.0.0.201505202027.jar] INFO  aQute.bnd.http.HttpClient - URL Connection handlers []
2017-05-29 20:58:51,038 [Downloading C:\Users\Mr. Nakaan\.bnd\shacache\shas\A3A5269424E5EA6488D30DEDCE8FABCA11EFBC3D\osgi.cmpn-6.0.0.201505202027.jar] INFO  a.bnd.build.LoggingProgressPlugin - Download https://repo1.maven.org/maven2/org/osgi/osgi.cmpn/6.0.0/osgi.cmpn-6.0.0.jar
2017-05-29 20:58:51,038 [Downloading C:\Users\Mr. Nakaan\.bnd\shacache\shas\0C49ACDC9AC62CF69EE49CB6F1905B4FDB79EA5C\osgi.core-6.0.0.201403061837.jar] INFO  aQute.bnd.http.HttpClient - URL Connection handlers []
2017-05-29 20:58:51,043 [Downloading C:\Users\Mr. Nakaan\.bnd\shacache\shas\0C49ACDC9AC62CF69EE49CB6F1905B4FDB79EA5C\osgi.core-6.0.0.201403061837.jar] INFO  a.bnd.build.LoggingProgressPlugin - Download https://repo1.maven.org/maven2/org/osgi/osgi.core/6.0.0/osgi.core-6.0.0.jar
2017-05-29 20:58:51,043 [Downloading C:\Users\Mr. Nakaan\.bnd\shacache\shas\BFF4106CB0BB14A5718C40A5D2B04B98DDC6E643\org.apache.servicemix.bundles.junit-4.12.0.1.jar] INFO  aQute.bnd.http.HttpClient - URL Connection handlers []
2017-05-29 20:58:51,043 [Downloading C:\Users\Mr. Nakaan\.bnd\shacache\shas\BFF4106CB0BB14A5718C40A5D2B04B98DDC6E643\org.apache.servicemix.bundles.junit-4.12.0.1.jar] INFO  a.bnd.build.LoggingProgressPlugin - Download https://repo1.maven.org/maven2/org/apache/servicemix/bundles/org.apache.servicemix.bundles.junit/4.12_1/org.apache.servicemix.bundles.junit-4.12_1.jar
2017-05-29 20:58:51,043 [Downloading C:\Users\Mr. Nakaan\.bnd\shacache\shas\6373CFB25C743448FD1DD9139A2D085B33CAE737\osgi.annotation-6.0.1.201503162037.jar] INFO  aQute.bnd.http.HttpClient - GET https://repo1.maven.org/maven2/org/osgi/osgi.annotation/6.0.1/osgi.annotation-6.0.1.jar
2017-05-29 20:58:51,048 [Downloading C:\Users\Mr. Nakaan\.bnd\shacache\shas\BFF4106CB0BB14A5718C40A5D2B04B98DDC6E643\org.apache.servicemix.bundles.junit-4.12.0.1.jar] INFO  aQute.bnd.http.HttpClient - GET https://repo1.maven.org/maven2/org/apache/servicemix/bundles/org.apache.servicemix.bundles.junit/4.12_1/org.apache.servicemix.bundles.junit-4.12_1.jar
2017-05-29 20:58:51,053 [Downloading C:\Users\Mr. Nakaan\.bnd\shacache\shas\0C49ACDC9AC62CF69EE49CB6F1905B4FDB79EA5C\osgi.core-6.0.0.201403061837.jar] INFO  aQute.bnd.http.HttpClient - GET https://repo1.maven.org/maven2/org/osgi/osgi.core/6.0.0/osgi.core-6.0.0.jar
2017-05-29 20:58:51,060 [Downloading C:\Users\Mr. Nakaan\.bnd\shacache\shas\A3A5269424E5EA6488D30DEDCE8FABCA11EFBC3D\osgi.cmpn-6.0.0.201505202027.jar] INFO  aQute.bnd.http.HttpClient - GET https://repo1.maven.org/maven2/org/osgi/osgi.cmpn/6.0.0/osgi.cmpn-6.0.0.jar
2017-05-29 20:58:51,725 [Downloading C:\Users\Mr. Nakaan\.bnd\shacache\shas\6373CFB25C743448FD1DD9139A2D085B33CAE737\osgi.annotation-6.0.1.201503162037.jar] INFO  aQute.bnd.http.HttpClient - result TaggedData [tag="94b28ff14e16d6b9c92c1ecf29f0d226", code=200, modified=Mon Mar 16 16:23:55 CDT 2015, url=https://repo1.maven.org/maven2/org/osgi/osgi.annotation/6.0.1/osgi.annotation-6.0.1.jar, state=UPDATED]
2017-05-29 20:58:51,726 [Downloading C:\Users\Mr. Nakaan\.bnd\shacache\shas\6373CFB25C743448FD1DD9139A2D085B33CAE737\osgi.annotation-6.0.1.201503162037.jar] INFO  aQute.bnd.http.HttpClient - result TaggedData [tag="94b28ff14e16d6b9c92c1ecf29f0d226", code=200, modified=Mon Mar 16 16:23:55 CDT 2015, url=https://repo1.maven.org/maven2/org/osgi/osgi.annotation/6.0.1/osgi.annotation-6.0.1.jar, state=UPDATED]
2017-05-29 20:58:51,731 [Downloading C:\Users\Mr. Nakaan\.bnd\shacache\shas\0C49ACDC9AC62CF69EE49CB6F1905B4FDB79EA5C\osgi.core-6.0.0.201403061837.jar] INFO  aQute.bnd.http.HttpClient - result TaggedData [tag="cae291c61fe8b7a4476d713550c7ff49", code=200, modified=Sun Jan 18 05:18:41 CST 2015, url=https://repo1.maven.org/maven2/org/osgi/osgi.core/6.0.0/osgi.core-6.0.0.jar, state=UPDATED]
2017-05-29 20:58:51,731 [Downloading C:\Users\Mr. Nakaan\.bnd\shacache\shas\0C49ACDC9AC62CF69EE49CB6F1905B4FDB79EA5C\osgi.core-6.0.0.201403061837.jar] INFO  aQute.bnd.http.HttpClient - result TaggedData [tag="cae291c61fe8b7a4476d713550c7ff49", code=200, modified=Sun Jan 18 05:18:41 CST 2015, url=https://repo1.maven.org/maven2/org/osgi/osgi.core/6.0.0/osgi.core-6.0.0.jar, state=UPDATED]
2017-05-29 20:58:51,736 [Downloading C:\Users\Mr. Nakaan\.bnd\shacache\shas\A3A5269424E5EA6488D30DEDCE8FABCA11EFBC3D\osgi.cmpn-6.0.0.201505202027.jar] INFO  aQute.bnd.http.HttpClient - result TaggedData [tag="40a24e915b654df4aed69c7f0f663eec", code=200, modified=Wed Aug 05 15:00:52 CDT 2015, url=https://repo1.maven.org/maven2/org/osgi/osgi.cmpn/6.0.0/osgi.cmpn-6.0.0.jar, state=UPDATED]
2017-05-29 20:58:51,736 [Downloading C:\Users\Mr. Nakaan\.bnd\shacache\shas\A3A5269424E5EA6488D30DEDCE8FABCA11EFBC3D\osgi.cmpn-6.0.0.201505202027.jar] INFO  aQute.bnd.http.HttpClient - result TaggedData [tag="40a24e915b654df4aed69c7f0f663eec", code=200, modified=Wed Aug 05 15:00:52 CDT 2015, url=https://repo1.maven.org/maven2/org/osgi/osgi.cmpn/6.0.0/osgi.cmpn-6.0.0.jar, state=UPDATED]
2017-05-29 20:58:51,767 [Downloading C:\Users\Mr. Nakaan\.bnd\shacache\shas\BFF4106CB0BB14A5718C40A5D2B04B98DDC6E643\org.apache.servicemix.bundles.junit-4.12.0.1.jar] INFO  aQute.bnd.http.HttpClient - result TaggedData [tag="4fff9daafdfb3c9e52c79233c3880f68", code=200, modified=Wed Feb 04 07:48:59 CST 2015, url=https://repo1.maven.org/maven2/org/apache/servicemix/bundles/org.apache.servicemix.bundles.junit/4.12_1/org.apache.servicemix.bundles.junit-4.12_1.jar, state=UPDATED]
2017-05-29 20:58:51,767 [Downloading C:\Users\Mr. Nakaan\.bnd\shacache\shas\BFF4106CB0BB14A5718C40A5D2B04B98DDC6E643\org.apache.servicemix.bundles.junit-4.12.0.1.jar] INFO  aQute.bnd.http.HttpClient - result TaggedData [tag="4fff9daafdfb3c9e52c79233c3880f68", code=200, modified=Wed Feb 04 07:48:59 CST 2015, url=https://repo1.maven.org/maven2/org/apache/servicemix/bundles/org.apache.servicemix.bundles.junit/4.12_1/org.apache.servicemix.bundles.junit-4.12_1.jar, state=UPDATED]
2017-05-29 20:58:54,104 [Downloading C:\Users\Mr. Nakaan\.bnd\shacache\shas\729B198186769F214C66B320E76F72E53A3CE67D\org.apache.felix.http.servlet-api-1.1.2.jar] INFO  aQute.bnd.http.HttpClient - Proxy handlers []
2017-05-29 20:58:54,104 [Downloading C:\Users\Mr. Nakaan\.bnd\shacache\shas\729B198186769F214C66B320E76F72E53A3CE67D\org.apache.felix.http.servlet-api-1.1.2.jar] INFO  aQute.bnd.http.HttpClient - URL Connection handlers []
2017-05-29 20:58:54,104 [Downloading C:\Users\Mr. Nakaan\.bnd\shacache\shas\729B198186769F214C66B320E76F72E53A3CE67D\org.apache.felix.http.servlet-api-1.1.2.jar] INFO  a.bnd.build.LoggingProgressPlugin - Download http://search.maven.org/remotecontent?filepath=org/apache/felix/org.apache.felix.http.servlet-api/1.1.2/org.apache.felix.http.servlet-api-1.1.2.jar
2017-05-29 20:58:54,109 [Downloading C:\Users\Mr. Nakaan\.bnd\shacache\shas\729B198186769F214C66B320E76F72E53A3CE67D\org.apache.felix.http.servlet-api-1.1.2.jar] INFO  aQute.bnd.http.HttpClient - GET http://search.maven.org/remotecontent?filepath=org/apache/felix/org.apache.felix.http.servlet-api/1.1.2/org.apache.felix.http.servlet-api-1.1.2.jar
2017-05-29 20:58:54,140 [Downloading C:\Users\Mr. Nakaan\.bnd\shacache\shas\729FA8EACCF8D39AB5C9D0AA72A81A71A51EEC32\org.apache.felix.gogo.runtime-0.16.2.jar] INFO  aQute.bnd.http.HttpClient - Proxy handlers []
2017-05-29 20:58:54,141 [Downloading C:\Users\Mr. Nakaan\.bnd\shacache\shas\729FA8EACCF8D39AB5C9D0AA72A81A71A51EEC32\org.apache.felix.gogo.runtime-0.16.2.jar] INFO  aQute.bnd.http.HttpClient - URL Connection handlers []
2017-05-29 20:58:54,141 [Downloading C:\Users\Mr. Nakaan\.bnd\shacache\shas\729FA8EACCF8D39AB5C9D0AA72A81A71A51EEC32\org.apache.felix.gogo.runtime-0.16.2.jar] INFO  a.bnd.build.LoggingProgressPlugin - Download http://search.maven.org/remotecontent?filepath=org/apache/felix/org.apache.felix.gogo.runtime/0.16.2/org.apache.felix.gogo.runtime-0.16.2.jar
2017-05-29 20:58:54,152 [Downloading C:\Users\Mr. Nakaan\.bnd\shacache\shas\729FA8EACCF8D39AB5C9D0AA72A81A71A51EEC32\org.apache.felix.gogo.runtime-0.16.2.jar] INFO  aQute.bnd.http.HttpClient - GET http://search.maven.org/remotecontent?filepath=org/apache/felix/org.apache.felix.gogo.runtime/0.16.2/org.apache.felix.gogo.runtime-0.16.2.jar
2017-05-29 20:58:54,252 [Downloading C:\Users\Mr. Nakaan\.bnd\shacache\shas\729B198186769F214C66B320E76F72E53A3CE67D\org.apache.felix.http.servlet-api-1.1.2.jar] INFO  aQute.bnd.http.HttpClient - Proxy handlers []
2017-05-29 20:58:54,252 [Downloading C:\Users\Mr. Nakaan\.bnd\shacache\shas\729B198186769F214C66B320E76F72E53A3CE67D\org.apache.felix.http.servlet-api-1.1.2.jar] INFO  aQute.bnd.http.HttpClient - URL Connection handlers []
2017-05-29 20:58:54,252 [Downloading C:\Users\Mr. Nakaan\.bnd\shacache\shas\729B198186769F214C66B320E76F72E53A3CE67D\org.apache.felix.http.servlet-api-1.1.2.jar] INFO  a.bnd.build.LoggingProgressPlugin - Download https://repo1.maven.org/maven2/org/apache/felix/org.apache.felix.http.servlet-api/1.1.2/org.apache.felix.http.servlet-api-1.1.2.jar
2017-05-29 20:58:54,257 [Downloading C:\Users\Mr. Nakaan\.bnd\shacache\shas\729B198186769F214C66B320E76F72E53A3CE67D\org.apache.felix.http.servlet-api-1.1.2.jar] INFO  aQute.bnd.http.HttpClient - GET https://repo1.maven.org/maven2/org/apache/felix/org.apache.felix.http.servlet-api/1.1.2/org.apache.felix.http.servlet-api-1.1.2.jar
2017-05-29 20:58:54,282 [Downloading C:\Users\Mr. Nakaan\.bnd\shacache\shas\729FA8EACCF8D39AB5C9D0AA72A81A71A51EEC32\org.apache.felix.gogo.runtime-0.16.2.jar] INFO  aQute.bnd.http.HttpClient - Proxy handlers []
2017-05-29 20:58:54,282 [Downloading C:\Users\Mr. Nakaan\.bnd\shacache\shas\729FA8EACCF8D39AB5C9D0AA72A81A71A51EEC32\org.apache.felix.gogo.runtime-0.16.2.jar] INFO  aQute.bnd.http.HttpClient - URL Connection handlers []
2017-05-29 20:58:54,282 [Downloading C:\Users\Mr. Nakaan\.bnd\shacache\shas\729FA8EACCF8D39AB5C9D0AA72A81A71A51EEC32\org.apache.felix.gogo.runtime-0.16.2.jar] INFO  a.bnd.build.LoggingProgressPlugin - Download https://repo1.maven.org/maven2/org/apache/felix/org.apache.felix.gogo.runtime/0.16.2/org.apache.felix.gogo.runtime-0.16.2.jar
2017-05-29 20:58:54,287 [Downloading C:\Users\Mr. Nakaan\.bnd\shacache\shas\729FA8EACCF8D39AB5C9D0AA72A81A71A51EEC32\org.apache.felix.gogo.runtime-0.16.2.jar] INFO  aQute.bnd.http.HttpClient - GET https://repo1.maven.org/maven2/org/apache/felix/org.apache.felix.gogo.runtime/0.16.2/org.apache.felix.gogo.runtime-0.16.2.jar
2017-05-29 20:58:54,295 [Downloading C:\Users\Mr. Nakaan\.bnd\shacache\shas\729B198186769F214C66B320E76F72E53A3CE67D\org.apache.felix.http.servlet-api-1.1.2.jar] INFO  aQute.bnd.http.HttpClient - result TaggedData [tag="dde1bd95641a78c073658f4c4980368a", code=200, modified=Wed Aug 05 18:11:41 CDT 2015, url=https://repo1.maven.org/maven2/org/apache/felix/org.apache.felix.http.servlet-api/1.1.2/org.apache.felix.http.servlet-api-1.1.2.jar, state=UPDATED]
2017-05-29 20:58:54,295 [Downloading C:\Users\Mr. Nakaan\.bnd\shacache\shas\729B198186769F214C66B320E76F72E53A3CE67D\org.apache.felix.http.servlet-api-1.1.2.jar] INFO  aQute.bnd.http.HttpClient - result TaggedData [tag="dde1bd95641a78c073658f4c4980368a", code=200, modified=Wed Aug 05 18:11:41 CDT 2015, url=https://repo1.maven.org/maven2/org/apache/felix/org.apache.felix.http.servlet-api/1.1.2/org.apache.felix.http.servlet-api-1.1.2.jar, state=UPDATED]
2017-05-29 20:58:54,380 [Downloading C:\Users\Mr. Nakaan\.bnd\shacache\shas\729FA8EACCF8D39AB5C9D0AA72A81A71A51EEC32\org.apache.felix.gogo.runtime-0.16.2.jar] INFO  aQute.bnd.http.HttpClient - result TaggedData [tag="0a7d8029573e9939a8c79bb458e20bc7", code=200, modified=Fri Mar 06 16:48:40 CST 2015, url=https://repo1.maven.org/maven2/org/apache/felix/org.apache.felix.gogo.runtime/0.16.2/org.apache.felix.gogo.runtime-0.16.2.jar, state=UPDATED]
2017-05-29 20:58:54,380 [Downloading C:\Users\Mr. Nakaan\.bnd\shacache\shas\729FA8EACCF8D39AB5C9D0AA72A81A71A51EEC32\org.apache.felix.gogo.runtime-0.16.2.jar] INFO  aQute.bnd.http.HttpClient - result TaggedData [tag="0a7d8029573e9939a8c79bb458e20bc7", code=200, modified=Fri Mar 06 16:48:40 CST 2015, url=https://repo1.maven.org/maven2/org/apache/felix/org.apache.felix.gogo.runtime/0.16.2/org.apache.felix.gogo.runtime-0.16.2.jar, state=UPDATED]
2017-05-30 17:36:53,446 [main] INFO  aQute.bnd.http.HttpClient - Proxy handlers []
2017-05-30 17:36:53,450 [main] INFO  aQute.bnd.http.HttpClient - URL Connection handlers []
2017-05-30 17:36:53,457 [main] INFO  a.bnd.build.LoggingProgressPlugin - Download http://search.maven.org/remotecontent?filepath=org/apache/felix/org.apache.felix.framework/5.4.0/org.apache.felix.framework-5.4.0.jar
2017-05-30 17:36:53,458 [main] INFO  aQute.bnd.http.HttpClient - GET http://search.maven.org/remotecontent?filepath=org/apache/felix/org.apache.felix.framework/5.4.0/org.apache.felix.framework-5.4.0.jar
2017-05-30 17:36:53,665 [main] INFO  aQute.bnd.http.HttpClient - Proxy handlers []
2017-05-30 17:36:53,665 [main] INFO  aQute.bnd.http.HttpClient - URL Connection handlers []
2017-05-30 17:36:53,676 [main] INFO  a.bnd.build.LoggingProgressPlugin - Download https://repo1.maven.org/maven2/org/apache/felix/org.apache.felix.framework/5.4.0/org.apache.felix.framework-5.4.0.jar
2017-05-30 17:36:53,676 [main] INFO  aQute.bnd.http.HttpClient - GET https://repo1.maven.org/maven2/org/apache/felix/org.apache.felix.framework/5.4.0/org.apache.felix.framework-5.4.0.jar
2017-05-30 17:36:53,879 [main] INFO  aQute.bnd.http.HttpClient - result TaggedData [tag="513858186228327afc785d941fd80664", code=200, modified=Tue Oct 13 10:24:12 CDT 2015, url=https://repo1.maven.org/maven2/org/apache/felix/org.apache.felix.framework/5.4.0/org.apache.felix.framework-5.4.0.jar, state=UPDATED]
2017-05-30 17:36:53,880 [main] INFO  aQute.bnd.http.HttpClient - result TaggedData [tag="513858186228327afc785d941fd80664", code=200, modified=Tue Oct 13 10:24:12 CDT 2015, url=https://repo1.maven.org/maven2/org/apache/felix/org.apache.felix.framework/5.4.0/org.apache.felix.framework-5.4.0.jar, state=UPDATED]
2017-05-30 17:37:15,137 [Downloading C:\Users\Mr. Nakaan\.bnd\shacache\shas\3E9A0E1A5A31D00D2FEB164A2DE3B10CF8063E68\org.apache.felix.gogo.command-0.16.0.jar] INFO  aQute.bnd.http.HttpClient - Proxy handlers []
2017-05-30 17:37:15,138 [Downloading C:\Users\Mr. Nakaan\.bnd\shacache\shas\3E9A0E1A5A31D00D2FEB164A2DE3B10CF8063E68\org.apache.felix.gogo.command-0.16.0.jar] INFO  aQute.bnd.http.HttpClient - URL Connection handlers []
2017-05-30 17:37:15,146 [Downloading C:\Users\Mr. Nakaan\.bnd\shacache\shas\3E9A0E1A5A31D00D2FEB164A2DE3B10CF8063E68\org.apache.felix.gogo.command-0.16.0.jar] INFO  a.bnd.build.LoggingProgressPlugin - Download http://search.maven.org/remotecontent?filepath=org/apache/felix/org.apache.felix.gogo.command/0.16.0/org.apache.felix.gogo.command-0.16.0.jar
2017-05-30 17:37:15,146 [Downloading C:\Users\Mr. Nakaan\.bnd\shacache\shas\3E9A0E1A5A31D00D2FEB164A2DE3B10CF8063E68\org.apache.felix.gogo.command-0.16.0.jar] INFO  aQute.bnd.http.HttpClient - GET http://search.maven.org/remotecontent?filepath=org/apache/felix/org.apache.felix.gogo.command/0.16.0/org.apache.felix.gogo.command-0.16.0.jar
2017-05-30 17:37:15,167 [Downloading C:\Users\Mr. Nakaan\.bnd\shacache\shas\22C48992149AC6E41D2F8F646C0441E057BB4BCC\org.apache.felix.gogo.shell-0.12.0.jar] INFO  aQute.bnd.http.HttpClient - Proxy handlers []
2017-05-30 17:37:15,168 [Downloading C:\Users\Mr. Nakaan\.bnd\shacache\shas\22C48992149AC6E41D2F8F646C0441E057BB4BCC\org.apache.felix.gogo.shell-0.12.0.jar] INFO  aQute.bnd.http.HttpClient - URL Connection handlers []
2017-05-30 17:37:15,178 [Downloading C:\Users\Mr. Nakaan\.bnd\shacache\shas\22C48992149AC6E41D2F8F646C0441E057BB4BCC\org.apache.felix.gogo.shell-0.12.0.jar] INFO  a.bnd.build.LoggingProgressPlugin - Download http://search.maven.org/remotecontent?filepath=org/apache/felix/org.apache.felix.gogo.shell/0.12.0/org.apache.felix.gogo.shell-0.12.0.jar
2017-05-30 17:37:15,179 [Downloading C:\Users\Mr. Nakaan\.bnd\shacache\shas\22C48992149AC6E41D2F8F646C0441E057BB4BCC\org.apache.felix.gogo.shell-0.12.0.jar] INFO  aQute.bnd.http.HttpClient - GET http://search.maven.org/remotecontent?filepath=org/apache/felix/org.apache.felix.gogo.shell/0.12.0/org.apache.felix.gogo.shell-0.12.0.jar
2017-05-30 17:37:15,197 [Downloading C:\Users\Mr. Nakaan\.bnd\shacache\shas\409759D068BF175A4F1A3BE68564FB92DA2CD0AE\org.apache.felix.configadmin-1.8.10.jar] INFO  aQute.bnd.http.HttpClient - Proxy handlers []
2017-05-30 17:37:15,197 [Downloading C:\Users\Mr. Nakaan\.bnd\shacache\shas\409759D068BF175A4F1A3BE68564FB92DA2CD0AE\org.apache.felix.configadmin-1.8.10.jar] INFO  aQute.bnd.http.HttpClient - URL Connection handlers []
2017-05-30 17:37:15,206 [Downloading C:\Users\Mr. Nakaan\.bnd\shacache\shas\409759D068BF175A4F1A3BE68564FB92DA2CD0AE\org.apache.felix.configadmin-1.8.10.jar] INFO  a.bnd.build.LoggingProgressPlugin - Download http://search.maven.org/remotecontent?filepath=org/apache/felix/org.apache.felix.configadmin/1.8.10/org.apache.felix.configadmin-1.8.10.jar
2017-05-30 17:37:15,206 [Downloading C:\Users\Mr. Nakaan\.bnd\shacache\shas\409759D068BF175A4F1A3BE68564FB92DA2CD0AE\org.apache.felix.configadmin-1.8.10.jar] INFO  aQute.bnd.http.HttpClient - GET http://search.maven.org/remotecontent?filepath=org/apache/felix/org.apache.felix.configadmin/1.8.10/org.apache.felix.configadmin-1.8.10.jar
2017-05-30 17:37:15,223 [Downloading C:\Users\Mr. Nakaan\.bnd\shacache\shas\320281155B24E86B9B962214AD72854E5B2B4C51\org.apache.felix.eventadmin-1.4.8.jar] INFO  aQute.bnd.http.HttpClient - Proxy handlers []
2017-05-30 17:37:15,224 [Downloading C:\Users\Mr. Nakaan\.bnd\shacache\shas\320281155B24E86B9B962214AD72854E5B2B4C51\org.apache.felix.eventadmin-1.4.8.jar] INFO  aQute.bnd.http.HttpClient - URL Connection handlers []
2017-05-30 17:37:15,235 [Downloading C:\Users\Mr. Nakaan\.bnd\shacache\shas\320281155B24E86B9B962214AD72854E5B2B4C51\org.apache.felix.eventadmin-1.4.8.jar] INFO  a.bnd.build.LoggingProgressPlugin - Download http://search.maven.org/remotecontent?filepath=org/apache/felix/org.apache.felix.eventadmin/1.4.8/org.apache.felix.eventadmin-1.4.8.jar
2017-05-30 17:37:15,235 [Downloading C:\Users\Mr. Nakaan\.bnd\shacache\shas\320281155B24E86B9B962214AD72854E5B2B4C51\org.apache.felix.eventadmin-1.4.8.jar] INFO  aQute.bnd.http.HttpClient - GET http://search.maven.org/remotecontent?filepath=org/apache/felix/org.apache.felix.eventadmin/1.4.8/org.apache.felix.eventadmin-1.4.8.jar
2017-05-30 17:37:15,251 [Downloading C:\Users\Mr. Nakaan\.bnd\shacache\shas\FFCF6B27FB3320E17EBA9DF41132FFA1E92EDA2D\org.apache.felix.http.jetty-3.1.6.jar] INFO  aQute.bnd.http.HttpClient - Proxy handlers []
2017-05-30 17:37:15,251 [Downloading C:\Users\Mr. Nakaan\.bnd\shacache\shas\FFCF6B27FB3320E17EBA9DF41132FFA1E92EDA2D\org.apache.felix.http.jetty-3.1.6.jar] INFO  aQute.bnd.http.HttpClient - URL Connection handlers []
2017-05-30 17:37:15,256 [Downloading C:\Users\Mr. Nakaan\.bnd\shacache\shas\FFCF6B27FB3320E17EBA9DF41132FFA1E92EDA2D\org.apache.felix.http.jetty-3.1.6.jar] INFO  a.bnd.build.LoggingProgressPlugin - Download http://search.maven.org/remotecontent?filepath=org/apache/felix/org.apache.felix.http.jetty/3.1.6/org.apache.felix.http.jetty-3.1.6.jar
2017-05-30 17:37:15,256 [Downloading C:\Users\Mr. Nakaan\.bnd\shacache\shas\FFCF6B27FB3320E17EBA9DF41132FFA1E92EDA2D\org.apache.felix.http.jetty-3.1.6.jar] INFO  aQute.bnd.http.HttpClient - GET http://search.maven.org/remotecontent?filepath=org/apache/felix/org.apache.felix.http.jetty/3.1.6/org.apache.felix.http.jetty-3.1.6.jar
2017-05-30 17:37:15,278 [Downloading C:\Users\Mr. Nakaan\.bnd\shacache\shas\3E9A0E1A5A31D00D2FEB164A2DE3B10CF8063E68\org.apache.felix.gogo.command-0.16.0.jar] INFO  aQute.bnd.http.HttpClient - Proxy handlers []
2017-05-30 17:37:15,278 [Downloading C:\Users\Mr. Nakaan\.bnd\shacache\shas\3E9A0E1A5A31D00D2FEB164A2DE3B10CF8063E68\org.apache.felix.gogo.command-0.16.0.jar] INFO  aQute.bnd.http.HttpClient - URL Connection handlers []
2017-05-30 17:37:15,283 [Downloading C:\Users\Mr. Nakaan\.bnd\shacache\shas\E98972F46B0EBF8BE4A10F9C10F0471528DB54D1\org.apache.felix.metatype-1.1.2.jar] INFO  aQute.bnd.http.HttpClient - Proxy handlers []
2017-05-30 17:37:15,283 [Downloading C:\Users\Mr. Nakaan\.bnd\shacache\shas\E98972F46B0EBF8BE4A10F9C10F0471528DB54D1\org.apache.felix.metatype-1.1.2.jar] INFO  aQute.bnd.http.HttpClient - URL Connection handlers []
2017-05-30 17:37:15,288 [Downloading C:\Users\Mr. Nakaan\.bnd\shacache\shas\3E9A0E1A5A31D00D2FEB164A2DE3B10CF8063E68\org.apache.felix.gogo.command-0.16.0.jar] INFO  a.bnd.build.LoggingProgressPlugin - Download https://repo1.maven.org/maven2/org/apache/felix/org.apache.felix.gogo.command/0.16.0/org.apache.felix.gogo.command-0.16.0.jar
2017-05-30 17:37:15,288 [Downloading C:\Users\Mr. Nakaan\.bnd\shacache\shas\3E9A0E1A5A31D00D2FEB164A2DE3B10CF8063E68\org.apache.felix.gogo.command-0.16.0.jar] INFO  aQute.bnd.http.HttpClient - GET https://repo1.maven.org/maven2/org/apache/felix/org.apache.felix.gogo.command/0.16.0/org.apache.felix.gogo.command-0.16.0.jar
2017-05-30 17:37:15,294 [Downloading C:\Users\Mr. Nakaan\.bnd\shacache\shas\E98972F46B0EBF8BE4A10F9C10F0471528DB54D1\org.apache.felix.metatype-1.1.2.jar] INFO  a.bnd.build.LoggingProgressPlugin - Download http://search.maven.org/remotecontent?filepath=org/apache/felix/org.apache.felix.metatype/1.1.2/org.apache.felix.metatype-1.1.2.jar
2017-05-30 17:37:15,295 [Downloading C:\Users\Mr. Nakaan\.bnd\shacache\shas\E98972F46B0EBF8BE4A10F9C10F0471528DB54D1\org.apache.felix.metatype-1.1.2.jar] INFO  aQute.bnd.http.HttpClient - GET http://search.maven.org/remotecontent?filepath=org/apache/felix/org.apache.felix.metatype/1.1.2/org.apache.felix.metatype-1.1.2.jar
2017-05-30 17:37:15,299 [Downloading C:\Users\Mr. Nakaan\.bnd\shacache\shas\22C48992149AC6E41D2F8F646C0441E057BB4BCC\org.apache.felix.gogo.shell-0.12.0.jar] INFO  aQute.bnd.http.HttpClient - Proxy handlers []
2017-05-30 17:37:15,299 [Downloading C:\Users\Mr. Nakaan\.bnd\shacache\shas\22C48992149AC6E41D2F8F646C0441E057BB4BCC\org.apache.felix.gogo.shell-0.12.0.jar] INFO  aQute.bnd.http.HttpClient - URL Connection handlers []
2017-05-30 17:37:15,305 [Downloading C:\Users\Mr. Nakaan\.bnd\shacache\shas\22C48992149AC6E41D2F8F646C0441E057BB4BCC\org.apache.felix.gogo.shell-0.12.0.jar] INFO  a.bnd.build.LoggingProgressPlugin - Download https://repo1.maven.org/maven2/org/apache/felix/org.apache.felix.gogo.shell/0.12.0/org.apache.felix.gogo.shell-0.12.0.jar
2017-05-30 17:37:15,305 [Downloading C:\Users\Mr. Nakaan\.bnd\shacache\shas\22C48992149AC6E41D2F8F646C0441E057BB4BCC\org.apache.felix.gogo.shell-0.12.0.jar] INFO  aQute.bnd.http.HttpClient - GET https://repo1.maven.org/maven2/org/apache/felix/org.apache.felix.gogo.shell/0.12.0/org.apache.felix.gogo.shell-0.12.0.jar
2017-05-30 17:37:15,312 [Downloading C:\Users\Mr. Nakaan\.bnd\shacache\shas\B770CB77BD16C820153498BB3B2D0AD23A4B112B\org.apache.felix.webconsole-4.2.16.all.jar] INFO  aQute.bnd.http.HttpClient - Proxy handlers []
2017-05-30 17:37:15,313 [Downloading C:\Users\Mr. Nakaan\.bnd\shacache\shas\B770CB77BD16C820153498BB3B2D0AD23A4B112B\org.apache.felix.webconsole-4.2.16.all.jar] INFO  aQute.bnd.http.HttpClient - URL Connection handlers []
2017-05-30 17:37:15,318 [Downloading C:\Users\Mr. Nakaan\.bnd\shacache\shas\B770CB77BD16C820153498BB3B2D0AD23A4B112B\org.apache.felix.webconsole-4.2.16.all.jar] INFO  a.bnd.build.LoggingProgressPlugin - Download http://search.maven.org/remotecontent?filepath=org/apache/felix/org.apache.felix.webconsole/4.2.16/org.apache.felix.webconsole-4.2.16-all.jar
2017-05-30 17:37:15,319 [Downloading C:\Users\Mr. Nakaan\.bnd\shacache\shas\B770CB77BD16C820153498BB3B2D0AD23A4B112B\org.apache.felix.webconsole-4.2.16.all.jar] INFO  aQute.bnd.http.HttpClient - GET http://search.maven.org/remotecontent?filepath=org/apache/felix/org.apache.felix.webconsole/4.2.16/org.apache.felix.webconsole-4.2.16-all.jar
2017-05-30 17:37:15,333 [Downloading C:\Users\Mr. Nakaan\.bnd\shacache\shas\409759D068BF175A4F1A3BE68564FB92DA2CD0AE\org.apache.felix.configadmin-1.8.10.jar] INFO  aQute.bnd.http.HttpClient - Proxy handlers []
2017-05-30 17:37:15,333 [Downloading C:\Users\Mr. Nakaan\.bnd\shacache\shas\409759D068BF175A4F1A3BE68564FB92DA2CD0AE\org.apache.felix.configadmin-1.8.10.jar] INFO  aQute.bnd.http.HttpClient - URL Connection handlers []
2017-05-30 17:37:15,338 [Downloading C:\Users\Mr. Nakaan\.bnd\shacache\shas\780E1844675C044CE4D07D6026E67377515B0DA0\org.apache.felix.webconsole.plugins.ds-2.0.2.jar] INFO  aQute.bnd.http.HttpClient - Proxy handlers []
2017-05-30 17:37:15,338 [Downloading C:\Users\Mr. Nakaan\.bnd\shacache\shas\780E1844675C044CE4D07D6026E67377515B0DA0\org.apache.felix.webconsole.plugins.ds-2.0.2.jar] INFO  aQute.bnd.http.HttpClient - URL Connection handlers []
2017-05-30 17:37:15,340 [Downloading C:\Users\Mr. Nakaan\.bnd\shacache\shas\409759D068BF175A4F1A3BE68564FB92DA2CD0AE\org.apache.felix.configadmin-1.8.10.jar] INFO  a.bnd.build.LoggingProgressPlugin - Download https://repo1.maven.org/maven2/org/apache/felix/org.apache.felix.configadmin/1.8.10/org.apache.felix.configadmin-1.8.10.jar
2017-05-30 17:37:15,340 [Downloading C:\Users\Mr. Nakaan\.bnd\shacache\shas\409759D068BF175A4F1A3BE68564FB92DA2CD0AE\org.apache.felix.configadmin-1.8.10.jar] INFO  aQute.bnd.http.HttpClient - GET https://repo1.maven.org/maven2/org/apache/felix/org.apache.felix.configadmin/1.8.10/org.apache.felix.configadmin-1.8.10.jar
2017-05-30 17:37:15,350 [Downloading C:\Users\Mr. Nakaan\.bnd\shacache\shas\780E1844675C044CE4D07D6026E67377515B0DA0\org.apache.felix.webconsole.plugins.ds-2.0.2.jar] INFO  a.bnd.build.LoggingProgressPlugin - Download http://search.maven.org/remotecontent?filepath=org/apache/felix/org.apache.felix.webconsole.plugins.ds/2.0.2/org.apache.felix.webconsole.plugins.ds-2.0.2.jar
2017-05-30 17:37:15,350 [Downloading C:\Users\Mr. Nakaan\.bnd\shacache\shas\780E1844675C044CE4D07D6026E67377515B0DA0\org.apache.felix.webconsole.plugins.ds-2.0.2.jar] INFO  aQute.bnd.http.HttpClient - GET http://search.maven.org/remotecontent?filepath=org/apache/felix/org.apache.felix.webconsole.plugins.ds/2.0.2/org.apache.felix.webconsole.plugins.ds-2.0.2.jar
2017-05-30 17:37:15,360 [Downloading C:\Users\Mr. Nakaan\.bnd\shacache\shas\320281155B24E86B9B962214AD72854E5B2B4C51\org.apache.felix.eventadmin-1.4.8.jar] INFO  aQute.bnd.http.HttpClient - Proxy handlers []
2017-05-30 17:37:15,360 [Downloading C:\Users\Mr. Nakaan\.bnd\shacache\shas\320281155B24E86B9B962214AD72854E5B2B4C51\org.apache.felix.eventadmin-1.4.8.jar] INFO  aQute.bnd.http.HttpClient - URL Connection handlers []
2017-05-30 17:37:15,366 [Downloading C:\Users\Mr. Nakaan\.bnd\shacache\shas\320281155B24E86B9B962214AD72854E5B2B4C51\org.apache.felix.eventadmin-1.4.8.jar] INFO  a.bnd.build.LoggingProgressPlugin - Download https://repo1.maven.org/maven2/org/apache/felix/org.apache.felix.eventadmin/1.4.8/org.apache.felix.eventadmin-1.4.8.jar
2017-05-30 17:37:15,366 [Downloading C:\Users\Mr. Nakaan\.bnd\shacache\shas\320281155B24E86B9B962214AD72854E5B2B4C51\org.apache.felix.eventadmin-1.4.8.jar] INFO  aQute.bnd.http.HttpClient - GET https://repo1.maven.org/maven2/org/apache/felix/org.apache.felix.eventadmin/1.4.8/org.apache.felix.eventadmin-1.4.8.jar
2017-05-30 17:37:15,377 [Downloading C:\Users\Mr. Nakaan\.bnd\shacache\shas\FFCF6B27FB3320E17EBA9DF41132FFA1E92EDA2D\org.apache.felix.http.jetty-3.1.6.jar] INFO  aQute.bnd.http.HttpClient - Proxy handlers []
2017-05-30 17:37:15,377 [Downloading C:\Users\Mr. Nakaan\.bnd\shacache\shas\FFCF6B27FB3320E17EBA9DF41132FFA1E92EDA2D\org.apache.felix.http.jetty-3.1.6.jar] INFO  aQute.bnd.http.HttpClient - URL Connection handlers []
2017-05-30 17:37:15,382 [Downloading C:\Users\Mr. Nakaan\.bnd\shacache\shas\FFCF6B27FB3320E17EBA9DF41132FFA1E92EDA2D\org.apache.felix.http.jetty-3.1.6.jar] INFO  a.bnd.build.LoggingProgressPlugin - Download https://repo1.maven.org/maven2/org/apache/felix/org.apache.felix.http.jetty/3.1.6/org.apache.felix.http.jetty-3.1.6.jar
2017-05-30 17:37:15,382 [Downloading C:\Users\Mr. Nakaan\.bnd\shacache\shas\FFCF6B27FB3320E17EBA9DF41132FFA1E92EDA2D\org.apache.felix.http.jetty-3.1.6.jar] INFO  aQute.bnd.http.HttpClient - GET https://repo1.maven.org/maven2/org/apache/felix/org.apache.felix.http.jetty/3.1.6/org.apache.felix.http.jetty-3.1.6.jar
2017-05-30 17:37:15,395 [Downloading C:\Users\Mr. Nakaan\.bnd\shacache\shas\22C48992149AC6E41D2F8F646C0441E057BB4BCC\org.apache.felix.gogo.shell-0.12.0.jar] INFO  aQute.bnd.http.HttpClient - result TaggedData [tag="8865c1a2beadb1ef2165f65c9cb44bae", code=200, modified=Thu Oct 01 03:23:12 CDT 2015, url=https://repo1.maven.org/maven2/org/apache/felix/org.apache.felix.gogo.shell/0.12.0/org.apache.felix.gogo.shell-0.12.0.jar, state=UPDATED]
2017-05-30 17:37:15,396 [Downloading C:\Users\Mr. Nakaan\.bnd\shacache\shas\22C48992149AC6E41D2F8F646C0441E057BB4BCC\org.apache.felix.gogo.shell-0.12.0.jar] INFO  aQute.bnd.http.HttpClient - result TaggedData [tag="8865c1a2beadb1ef2165f65c9cb44bae", code=200, modified=Thu Oct 01 03:23:12 CDT 2015, url=https://repo1.maven.org/maven2/org/apache/felix/org.apache.felix.gogo.shell/0.12.0/org.apache.felix.gogo.shell-0.12.0.jar, state=UPDATED]
2017-05-30 17:37:15,404 [Downloading C:\Users\Mr. Nakaan\.bnd\shacache\shas\3E9A0E1A5A31D00D2FEB164A2DE3B10CF8063E68\org.apache.felix.gogo.command-0.16.0.jar] INFO  aQute.bnd.http.HttpClient - result TaggedData [tag="1a20bbf43917650847400cdf2fc07971", code=200, modified=Thu Oct 01 03:31:57 CDT 2015, url=https://repo1.maven.org/maven2/org/apache/felix/org.apache.felix.gogo.command/0.16.0/org.apache.felix.gogo.command-0.16.0.jar, state=UPDATED]
2017-05-30 17:37:15,405 [Downloading C:\Users\Mr. Nakaan\.bnd\shacache\shas\3E9A0E1A5A31D00D2FEB164A2DE3B10CF8063E68\org.apache.felix.gogo.command-0.16.0.jar] INFO  aQute.bnd.http.HttpClient - result TaggedData [tag="1a20bbf43917650847400cdf2fc07971", code=200, modified=Thu Oct 01 03:31:57 CDT 2015, url=https://repo1.maven.org/maven2/org/apache/felix/org.apache.felix.gogo.command/0.16.0/org.apache.felix.gogo.command-0.16.0.jar, state=UPDATED]
2017-05-30 17:37:15,427 [Downloading C:\Users\Mr. Nakaan\.bnd\shacache\shas\E98972F46B0EBF8BE4A10F9C10F0471528DB54D1\org.apache.felix.metatype-1.1.2.jar] INFO  aQute.bnd.http.HttpClient - Proxy handlers []
2017-05-30 17:37:15,427 [Downloading C:\Users\Mr. Nakaan\.bnd\shacache\shas\E98972F46B0EBF8BE4A10F9C10F0471528DB54D1\org.apache.felix.metatype-1.1.2.jar] INFO  aQute.bnd.http.HttpClient - URL Connection handlers []
2017-05-30 17:37:15,428 [Downloading C:\Users\Mr. Nakaan\.bnd\shacache\shas\409759D068BF175A4F1A3BE68564FB92DA2CD0AE\org.apache.felix.configadmin-1.8.10.jar] INFO  aQute.bnd.http.HttpClient - result TaggedData [tag="854858abe9d3449926dbbc7dff08e83c", code=200, modified=Wed Jul 06 00:08:51 CDT 2016, url=https://repo1.maven.org/maven2/org/apache/felix/org.apache.felix.configadmin/1.8.10/org.apache.felix.configadmin-1.8.10.jar, state=UPDATED]
2017-05-30 17:37:15,428 [Downloading C:\Users\Mr. Nakaan\.bnd\shacache\shas\409759D068BF175A4F1A3BE68564FB92DA2CD0AE\org.apache.felix.configadmin-1.8.10.jar] INFO  aQute.bnd.http.HttpClient - result TaggedData [tag="854858abe9d3449926dbbc7dff08e83c", code=200, modified=Wed Jul 06 00:08:51 CDT 2016, url=https://repo1.maven.org/maven2/org/apache/felix/org.apache.felix.configadmin/1.8.10/org.apache.felix.configadmin-1.8.10.jar, state=UPDATED]
2017-05-30 17:37:15,435 [Downloading C:\Users\Mr. Nakaan\.bnd\shacache\shas\E98972F46B0EBF8BE4A10F9C10F0471528DB54D1\org.apache.felix.metatype-1.1.2.jar] INFO  a.bnd.build.LoggingProgressPlugin - Download https://repo1.maven.org/maven2/org/apache/felix/org.apache.felix.metatype/1.1.2/org.apache.felix.metatype-1.1.2.jar
2017-05-30 17:37:15,435 [Downloading C:\Users\Mr. Nakaan\.bnd\shacache\shas\E98972F46B0EBF8BE4A10F9C10F0471528DB54D1\org.apache.felix.metatype-1.1.2.jar] INFO  aQute.bnd.http.HttpClient - GET https://repo1.maven.org/maven2/org/apache/felix/org.apache.felix.metatype/1.1.2/org.apache.felix.metatype-1.1.2.jar
2017-05-30 17:37:15,458 [Downloading C:\Users\Mr. Nakaan\.bnd\shacache\shas\B770CB77BD16C820153498BB3B2D0AD23A4B112B\org.apache.felix.webconsole-4.2.16.all.jar] INFO  aQute.bnd.http.HttpClient - Proxy handlers []
2017-05-30 17:37:15,458 [Downloading C:\Users\Mr. Nakaan\.bnd\shacache\shas\B770CB77BD16C820153498BB3B2D0AD23A4B112B\org.apache.felix.webconsole-4.2.16.all.jar] INFO  aQute.bnd.http.HttpClient - URL Connection handlers []
2017-05-30 17:37:15,465 [Downloading C:\Users\Mr. Nakaan\.bnd\shacache\shas\320281155B24E86B9B962214AD72854E5B2B4C51\org.apache.felix.eventadmin-1.4.8.jar] INFO  aQute.bnd.http.HttpClient - result TaggedData [tag="649633a36b7925804302b812ed4a1145", code=200, modified=Thu Aug 11 02:41:41 CDT 2016, url=https://repo1.maven.org/maven2/org/apache/felix/org.apache.felix.eventadmin/1.4.8/org.apache.felix.eventadmin-1.4.8.jar, state=UPDATED]
2017-05-30 17:37:15,465 [Downloading C:\Users\Mr. Nakaan\.bnd\shacache\shas\320281155B24E86B9B962214AD72854E5B2B4C51\org.apache.felix.eventadmin-1.4.8.jar] INFO  aQute.bnd.http.HttpClient - result TaggedData [tag="649633a36b7925804302b812ed4a1145", code=200, modified=Thu Aug 11 02:41:41 CDT 2016, url=https://repo1.maven.org/maven2/org/apache/felix/org.apache.felix.eventadmin/1.4.8/org.apache.felix.eventadmin-1.4.8.jar, state=UPDATED]
2017-05-30 17:37:15,472 [Downloading C:\Users\Mr. Nakaan\.bnd\shacache\shas\B770CB77BD16C820153498BB3B2D0AD23A4B112B\org.apache.felix.webconsole-4.2.16.all.jar] INFO  a.bnd.build.LoggingProgressPlugin - Download https://repo1.maven.org/maven2/org/apache/felix/org.apache.felix.webconsole/4.2.16/org.apache.felix.webconsole-4.2.16-all.jar
2017-05-30 17:37:15,472 [Downloading C:\Users\Mr. Nakaan\.bnd\shacache\shas\B770CB77BD16C820153498BB3B2D0AD23A4B112B\org.apache.felix.webconsole-4.2.16.all.jar] INFO  aQute.bnd.http.HttpClient - GET https://repo1.maven.org/maven2/org/apache/felix/org.apache.felix.webconsole/4.2.16/org.apache.felix.webconsole-4.2.16-all.jar
2017-05-30 17:37:15,475 [Downloading C:\Users\Mr. Nakaan\.bnd\shacache\shas\780E1844675C044CE4D07D6026E67377515B0DA0\org.apache.felix.webconsole.plugins.ds-2.0.2.jar] INFO  aQute.bnd.http.HttpClient - Proxy handlers []
2017-05-30 17:37:15,475 [Downloading C:\Users\Mr. Nakaan\.bnd\shacache\shas\780E1844675C044CE4D07D6026E67377515B0DA0\org.apache.felix.webconsole.plugins.ds-2.0.2.jar] INFO  aQute.bnd.http.HttpClient - URL Connection handlers []
2017-05-30 17:37:15,482 [Downloading C:\Users\Mr. Nakaan\.bnd\shacache\shas\780E1844675C044CE4D07D6026E67377515B0DA0\org.apache.felix.webconsole.plugins.ds-2.0.2.jar] INFO  a.bnd.build.LoggingProgressPlugin - Download https://repo1.maven.org/maven2/org/apache/felix/org.apache.felix.webconsole.plugins.ds/2.0.2/org.apache.felix.webconsole.plugins.ds-2.0.2.jar
2017-05-30 17:37:15,482 [Downloading C:\Users\Mr. Nakaan\.bnd\shacache\shas\780E1844675C044CE4D07D6026E67377515B0DA0\org.apache.felix.webconsole.plugins.ds-2.0.2.jar] INFO  aQute.bnd.http.HttpClient - GET https://repo1.maven.org/maven2/org/apache/felix/org.apache.felix.webconsole.plugins.ds/2.0.2/org.apache.felix.webconsole.plugins.ds-2.0.2.jar
2017-05-30 17:37:15,521 [Downloading C:\Users\Mr. Nakaan\.bnd\shacache\shas\780E1844675C044CE4D07D6026E67377515B0DA0\org.apache.felix.webconsole.plugins.ds-2.0.2.jar] INFO  aQute.bnd.http.HttpClient - result TaggedData [tag="872b511d1f1b5182ce953fe51ba813d9", code=200, modified=Wed Sep 16 03:41:09 CDT 2015, url=https://repo1.maven.org/maven2/org/apache/felix/org.apache.felix.webconsole.plugins.ds/2.0.2/org.apache.felix.webconsole.plugins.ds-2.0.2.jar, state=UPDATED]
2017-05-30 17:37:15,522 [Downloading C:\Users\Mr. Nakaan\.bnd\shacache\shas\780E1844675C044CE4D07D6026E67377515B0DA0\org.apache.felix.webconsole.plugins.ds-2.0.2.jar] INFO  aQute.bnd.http.HttpClient - result TaggedData [tag="872b511d1f1b5182ce953fe51ba813d9", code=200, modified=Wed Sep 16 03:41:09 CDT 2015, url=https://repo1.maven.org/maven2/org/apache/felix/org.apache.felix.webconsole.plugins.ds/2.0.2/org.apache.felix.webconsole.plugins.ds-2.0.2.jar, state=UPDATED]
2017-05-30 17:37:15,530 [Downloading C:\Users\Mr. Nakaan\.bnd\shacache\shas\E98972F46B0EBF8BE4A10F9C10F0471528DB54D1\org.apache.felix.metatype-1.1.2.jar] INFO  aQute.bnd.http.HttpClient - result TaggedData [tag="930e7659bc0c724e1933e72d3cc994c1", code=200, modified=Mon Aug 10 03:50:57 CDT 2015, url=https://repo1.maven.org/maven2/org/apache/felix/org.apache.felix.metatype/1.1.2/org.apache.felix.metatype-1.1.2.jar, state=UPDATED]
2017-05-30 17:37:15,530 [Downloading C:\Users\Mr. Nakaan\.bnd\shacache\shas\E98972F46B0EBF8BE4A10F9C10F0471528DB54D1\org.apache.felix.metatype-1.1.2.jar] INFO  aQute.bnd.http.HttpClient - result TaggedData [tag="930e7659bc0c724e1933e72d3cc994c1", code=200, modified=Mon Aug 10 03:50:57 CDT 2015, url=https://repo1.maven.org/maven2/org/apache/felix/org.apache.felix.metatype/1.1.2/org.apache.felix.metatype-1.1.2.jar, state=UPDATED]
2017-05-30 17:37:15,547 [Downloading C:\Users\Mr. Nakaan\.bnd\shacache\shas\FFCF6B27FB3320E17EBA9DF41132FFA1E92EDA2D\org.apache.felix.http.jetty-3.1.6.jar] INFO  aQute.bnd.http.HttpClient - result TaggedData [tag="8ba5bfbce3cf7b3df74cd22a727691f8", code=200, modified=Wed Jan 06 04:32:15 CST 2016, url=https://repo1.maven.org/maven2/org/apache/felix/org.apache.felix.http.jetty/3.1.6/org.apache.felix.http.jetty-3.1.6.jar, state=UPDATED]
2017-05-30 17:37:15,547 [Downloading C:\Users\Mr. Nakaan\.bnd\shacache\shas\FFCF6B27FB3320E17EBA9DF41132FFA1E92EDA2D\org.apache.felix.http.jetty-3.1.6.jar] INFO  aQute.bnd.http.HttpClient - result TaggedData [tag="8ba5bfbce3cf7b3df74cd22a727691f8", code=200, modified=Wed Jan 06 04:32:15 CST 2016, url=https://repo1.maven.org/maven2/org/apache/felix/org.apache.felix.http.jetty/3.1.6/org.apache.felix.http.jetty-3.1.6.jar, state=UPDATED]
2017-05-30 17:37:15,573 [Downloading C:\Users\Mr. Nakaan\.bnd\shacache\shas\B770CB77BD16C820153498BB3B2D0AD23A4B112B\org.apache.felix.webconsole-4.2.16.all.jar] INFO  aQute.bnd.http.HttpClient - result TaggedData [tag="a6ab6e82c42749e3dec5cd2137af5abc", code=200, modified=Tue May 31 02:26:14 CDT 2016, url=https://repo1.maven.org/maven2/org/apache/felix/org.apache.felix.webconsole/4.2.16/org.apache.felix.webconsole-4.2.16-all.jar, state=UPDATED]
2017-05-30 17:37:15,573 [Downloading C:\Users\Mr. Nakaan\.bnd\shacache\shas\B770CB77BD16C820153498BB3B2D0AD23A4B112B\org.apache.felix.webconsole-4.2.16.all.jar] INFO  aQute.bnd.http.HttpClient - result TaggedData [tag="a6ab6e82c42749e3dec5cd2137af5abc", code=200, modified=Tue May 31 02:26:14 CDT 2016, url=https://repo1.maven.org/maven2/org/apache/felix/org.apache.felix.webconsole/4.2.16/org.apache.felix.webconsole-4.2.16-all.jar, state=UPDATED]
2017-06-05 23:17:02,773 [Worker-28] INFO  aQute.bnd.http.HttpClient - Proxy handlers []
2017-06-05 23:17:02,837 [Worker-28] INFO  aQute.bnd.http.HttpClient - URL Connection handlers []
2017-06-05 23:17:02,844 [Worker-28] INFO  a.bnd.build.LoggingProgressPlugin - Download http://search.maven.org/remotecontent?filepath=org/apache/felix/org.apache.felix.coordinator/1.0.2/org.apache.felix.coordinator-1.0.2.jar
2017-06-05 23:17:02,845 [Worker-28] INFO  aQute.bnd.http.HttpClient - GET http://search.maven.org/remotecontent?filepath=org/apache/felix/org.apache.felix.coordinator/1.0.2/org.apache.felix.coordinator-1.0.2.jar
2017-06-05 23:17:03,053 [Worker-28] INFO  aQute.bnd.http.HttpClient - Proxy handlers []
2017-06-05 23:17:03,055 [Worker-28] INFO  aQute.bnd.http.HttpClient - URL Connection handlers []
2017-06-05 23:17:03,062 [Worker-28] INFO  a.bnd.build.LoggingProgressPlugin - Download https://repo1.maven.org/maven2/org/apache/felix/org.apache.felix.coordinator/1.0.2/org.apache.felix.coordinator-1.0.2.jar
2017-06-05 23:17:03,062 [Worker-28] INFO  aQute.bnd.http.HttpClient - GET https://repo1.maven.org/maven2/org/apache/felix/org.apache.felix.coordinator/1.0.2/org.apache.felix.coordinator-1.0.2.jar
2017-06-05 23:17:03,276 [Worker-28] INFO  aQute.bnd.http.HttpClient - result TaggedData [tag="89cf7f3e3ec7ebefe930ae0a3b0d18e9", code=200, modified=Mon Nov 09 03:19:06 CST 2015, url=https://repo1.maven.org/maven2/org/apache/felix/org.apache.felix.coordinator/1.0.2/org.apache.felix.coordinator-1.0.2.jar, state=UPDATED]
2017-06-05 23:17:03,276 [Worker-28] INFO  aQute.bnd.http.HttpClient - result TaggedData [tag="89cf7f3e3ec7ebefe930ae0a3b0d18e9", code=200, modified=Mon Nov 09 03:19:06 CST 2015, url=https://repo1.maven.org/maven2/org/apache/felix/org.apache.felix.coordinator/1.0.2/org.apache.felix.coordinator-1.0.2.jar, state=UPDATED]
2017-06-05 23:17:03,530 [Worker-28] INFO  aQute.bnd.http.HttpClient - Proxy handlers []
2017-06-05 23:17:03,530 [Worker-28] INFO  aQute.bnd.http.HttpClient - URL Connection handlers []
2017-06-05 23:17:03,536 [Worker-28] INFO  a.bnd.build.LoggingProgressPlugin - Download http://search.maven.org/remotecontent?filepath=org/apache/felix/org.apache.felix.fileinstall/3.5.4/org.apache.felix.fileinstall-3.5.4.jar
2017-06-05 23:17:03,536 [Worker-28] INFO  aQute.bnd.http.HttpClient - GET http://search.maven.org/remotecontent?filepath=org/apache/felix/org.apache.felix.fileinstall/3.5.4/org.apache.felix.fileinstall-3.5.4.jar
2017-06-05 23:17:03,665 [Worker-28] INFO  aQute.bnd.http.HttpClient - Proxy handlers []
2017-06-05 23:17:03,665 [Worker-28] INFO  aQute.bnd.http.HttpClient - URL Connection handlers []
2017-06-05 23:17:03,684 [Worker-28] INFO  a.bnd.build.LoggingProgressPlugin - Download https://repo1.maven.org/maven2/org/apache/felix/org.apache.felix.fileinstall/3.5.4/org.apache.felix.fileinstall-3.5.4.jar
2017-06-05 23:17:03,685 [Worker-28] INFO  aQute.bnd.http.HttpClient - GET https://repo1.maven.org/maven2/org/apache/felix/org.apache.felix.fileinstall/3.5.4/org.apache.felix.fileinstall-3.5.4.jar
2017-06-05 23:17:03,722 [Worker-28] INFO  aQute.bnd.http.HttpClient - result TaggedData [tag="13f1728bab3a986c7a0df465ea174a44", code=200, modified=Fri Apr 01 09:57:28 CDT 2016, url=https://repo1.maven.org/maven2/org/apache/felix/org.apache.felix.fileinstall/3.5.4/org.apache.felix.fileinstall-3.5.4.jar, state=UPDATED]
2017-06-05 23:17:03,722 [Worker-28] INFO  aQute.bnd.http.HttpClient - result TaggedData [tag="13f1728bab3a986c7a0df465ea174a44", code=200, modified=Fri Apr 01 09:57:28 CDT 2016, url=https://repo1.maven.org/maven2/org/apache/felix/org.apache.felix.fileinstall/3.5.4/org.apache.felix.fileinstall-3.5.4.jar, state=UPDATED]
2017-06-05 23:17:03,944 [Worker-28] INFO  aQute.bnd.http.HttpClient - Proxy handlers []
2017-06-05 23:17:03,944 [Worker-28] INFO  aQute.bnd.http.HttpClient - URL Connection handlers []
2017-06-05 23:17:03,950 [Worker-28] INFO  a.bnd.build.LoggingProgressPlugin - Download http://search.maven.org/remotecontent?filepath=org/apache/felix/org.apache.felix.log/1.0.1/org.apache.felix.log-1.0.1.jar
2017-06-05 23:17:03,950 [Worker-28] INFO  aQute.bnd.http.HttpClient - GET http://search.maven.org/remotecontent?filepath=org/apache/felix/org.apache.felix.log/1.0.1/org.apache.felix.log-1.0.1.jar
2017-06-05 23:17:04,088 [Worker-28] INFO  aQute.bnd.http.HttpClient - Proxy handlers []
2017-06-05 23:17:04,089 [Worker-28] INFO  aQute.bnd.http.HttpClient - URL Connection handlers []
2017-06-05 23:17:04,098 [Worker-28] INFO  a.bnd.build.LoggingProgressPlugin - Download https://repo1.maven.org/maven2/org/apache/felix/org.apache.felix.log/1.0.1/org.apache.felix.log-1.0.1.jar
2017-06-05 23:17:04,099 [Worker-28] INFO  aQute.bnd.http.HttpClient - GET https://repo1.maven.org/maven2/org/apache/felix/org.apache.felix.log/1.0.1/org.apache.felix.log-1.0.1.jar
2017-06-05 23:17:04,141 [Worker-28] INFO  aQute.bnd.http.HttpClient - result TaggedData [tag="cab96700b91fe85adc07f08b6fd7cdb9", code=200, modified=Mon Mar 28 10:48:48 CDT 2011, url=https://repo1.maven.org/maven2/org/apache/felix/org.apache.felix.log/1.0.1/org.apache.felix.log-1.0.1.jar, state=UPDATED]
2017-06-05 23:17:04,141 [Worker-28] INFO  aQute.bnd.http.HttpClient - result TaggedData [tag="cab96700b91fe85adc07f08b6fd7cdb9", code=200, modified=Mon Mar 28 10:48:48 CDT 2011, url=https://repo1.maven.org/maven2/org/apache/felix/org.apache.felix.log/1.0.1/org.apache.felix.log-1.0.1.jar, state=UPDATED]
2017-06-05 23:17:04,322 [Worker-28] INFO  aQute.bnd.http.HttpClient - Proxy handlers []
2017-06-05 23:17:04,322 [Worker-28] INFO  aQute.bnd.http.HttpClient - URL Connection handlers []
2017-06-05 23:17:04,332 [Worker-28] INFO  a.bnd.build.LoggingProgressPlugin - Download http://search.maven.org/remotecontent?filepath=org/apache/felix/org.apache.felix.scr/2.0.6/org.apache.felix.scr-2.0.6.jar
2017-06-05 23:17:04,332 [Worker-28] INFO  aQute.bnd.http.HttpClient - GET http://search.maven.org/remotecontent?filepath=org/apache/felix/org.apache.felix.scr/2.0.6/org.apache.felix.scr-2.0.6.jar
2017-06-05 23:17:04,452 [Worker-28] INFO  aQute.bnd.http.HttpClient - Proxy handlers []
2017-06-05 23:17:04,453 [Worker-28] INFO  aQute.bnd.http.HttpClient - URL Connection handlers []
2017-06-05 23:17:04,458 [Worker-28] INFO  a.bnd.build.LoggingProgressPlugin - Download https://repo1.maven.org/maven2/org/apache/felix/org.apache.felix.scr/2.0.6/org.apache.felix.scr-2.0.6.jar
2017-06-05 23:17:04,458 [Worker-28] INFO  aQute.bnd.http.HttpClient - GET https://repo1.maven.org/maven2/org/apache/felix/org.apache.felix.scr/2.0.6/org.apache.felix.scr-2.0.6.jar
2017-06-05 23:17:04,534 [Worker-28] INFO  aQute.bnd.http.HttpClient - result TaggedData [tag="948e2a695e00377341eae905136c9b6f", code=200, modified=Wed Aug 03 01:16:31 CDT 2016, url=https://repo1.maven.org/maven2/org/apache/felix/org.apache.felix.scr/2.0.6/org.apache.felix.scr-2.0.6.jar, state=UPDATED]
2017-06-05 23:17:04,534 [Worker-28] INFO  aQute.bnd.http.HttpClient - result TaggedData [tag="948e2a695e00377341eae905136c9b6f", code=200, modified=Wed Aug 03 01:16:31 CDT 2016, url=https://repo1.maven.org/maven2/org/apache/felix/org.apache.felix.scr/2.0.6/org.apache.felix.scr-2.0.6.jar, state=UPDATED]
2017-06-05 23:17:04,836 [Worker-28] INFO  aQute.bnd.http.HttpClient - Proxy handlers []
2017-06-05 23:17:04,836 [Worker-28] INFO  aQute.bnd.http.HttpClient - URL Connection handlers []
2017-06-05 23:17:04,841 [Worker-28] INFO  a.bnd.build.LoggingProgressPlugin - Download http://search.maven.org/remotecontent?filepath=org/mockito/mockito-core/1.10.19/mockito-core-1.10.19.jar
2017-06-05 23:17:04,841 [Worker-28] INFO  aQute.bnd.http.HttpClient - GET http://search.maven.org/remotecontent?filepath=org/mockito/mockito-core/1.10.19/mockito-core-1.10.19.jar
2017-06-05 23:17:04,976 [Worker-28] INFO  aQute.bnd.http.HttpClient - Proxy handlers []
2017-06-05 23:17:04,976 [Worker-28] INFO  aQute.bnd.http.HttpClient - URL Connection handlers []
2017-06-05 23:17:04,986 [Worker-28] INFO  a.bnd.build.LoggingProgressPlugin - Download https://repo1.maven.org/maven2/org/mockito/mockito-core/1.10.19/mockito-core-1.10.19.jar
2017-06-05 23:17:04,987 [Worker-28] INFO  aQute.bnd.http.HttpClient - GET https://repo1.maven.org/maven2/org/mockito/mockito-core/1.10.19/mockito-core-1.10.19.jar
2017-06-05 23:17:05,025 [Worker-28] INFO  aQute.bnd.http.HttpClient - result TaggedData [tag="c1967f0a515c4b8155f62478ec823464", code=200, modified=Wed Dec 31 10:43:33 CST 2014, url=https://repo1.maven.org/maven2/org/mockito/mockito-core/1.10.19/mockito-core-1.10.19.jar, state=UPDATED]
2017-06-05 23:17:05,025 [Worker-28] INFO  aQute.bnd.http.HttpClient - result TaggedData [tag="c1967f0a515c4b8155f62478ec823464", code=200, modified=Wed Dec 31 10:43:33 CST 2014, url=https://repo1.maven.org/maven2/org/mockito/mockito-core/1.10.19/mockito-core-1.10.19.jar, state=UPDATED]
2017-06-05 23:17:05,279 [Worker-28] INFO  aQute.bnd.http.HttpClient - Proxy handlers []
2017-06-05 23:17:05,279 [Worker-28] INFO  aQute.bnd.http.HttpClient - URL Connection handlers []
2017-06-05 23:17:05,284 [Worker-28] INFO  a.bnd.build.LoggingProgressPlugin - Download http://search.maven.org/remotecontent?filepath=org/objenesis/objenesis/2.2/objenesis-2.2.jar
2017-06-05 23:17:05,284 [Worker-28] INFO  aQute.bnd.http.HttpClient - GET http://search.maven.org/remotecontent?filepath=org/objenesis/objenesis/2.2/objenesis-2.2.jar
2017-06-05 23:17:05,415 [Worker-28] INFO  aQute.bnd.http.HttpClient - Proxy handlers []
2017-06-05 23:17:05,415 [Worker-28] INFO  aQute.bnd.http.HttpClient - URL Connection handlers []
2017-06-05 23:17:05,426 [Worker-28] INFO  a.bnd.build.LoggingProgressPlugin - Download https://repo1.maven.org/maven2/org/objenesis/objenesis/2.2/objenesis-2.2.jar
2017-06-05 23:17:05,426 [Worker-28] INFO  aQute.bnd.http.HttpClient - GET https://repo1.maven.org/maven2/org/objenesis/objenesis/2.2/objenesis-2.2.jar
2017-06-05 23:17:05,456 [Worker-28] INFO  aQute.bnd.http.HttpClient - result TaggedData [tag="799f73a51c85025c132ef8caa8ad0b77", code=200, modified=Wed Aug 12 09:35:23 CDT 2015, url=https://repo1.maven.org/maven2/org/objenesis/objenesis/2.2/objenesis-2.2.jar, state=UPDATED]
2017-06-05 23:17:05,456 [Worker-28] INFO  aQute.bnd.http.HttpClient - result TaggedData [tag="799f73a51c85025c132ef8caa8ad0b77", code=200, modified=Wed Aug 12 09:35:23 CDT 2015, url=https://repo1.maven.org/maven2/org/objenesis/objenesis/2.2/objenesis-2.2.jar, state=UPDATED]
2017-07-04 23:18:06,821 [Worker-0] INFO  c.g.t.t.d.PublishedGradleVersions - Gradle version information cache is not available. Remote download required.
